# JRE version: OpenJDK Runtime Environment (8.0_112-b06) (build 1.8.0_112-release-b06)
# Java VM: OpenJDK 64-Bit Server VM (25.112-b06 mixed mode windows-amd64 compressed oops)
Heap:
 PSYoungGen      total 258560K, used 246089K [0x00000000e0000000, 0x00000000f4880000, 0x0000000100000000)
  eden space 216064K, 94% used [0x00000000e0000000,0x00000000ec6d6590,0x00000000ed300000)
  from space 42496K, 99% used [0x00000000f0800000,0x00000000f317c158,0x00000000f3180000)
  to   space 54272K, 0% used [0x00000000ed300000,0x00000000ed300000,0x00000000f0800000)
 ParOldGen       total 158720K, used 123196K [0x00000000a0000000, 0x00000000a9b00000, 0x00000000e0000000)
  object space 158720K, 77% used [0x00000000a0000000,0x00000000a784f060,0x00000000a9b00000)
 Metaspace       used 82895K, capacity 85718K, committed 86016K, reserved 1124352K
  class space    used 10219K, capacity 10883K, committed 11008K, reserved 1048576K
GC Heap History (10 events):
Event: 158.018 GC heap before
{Heap before GC invocations=19 (full 3):
 PSYoungGen      total 171008K, used 157623K [0x00000000e0000000, 0x00000000ed600000, 0x0000000100000000)
  eden space 147968K, 100% used [0x00000000e0000000,0x00000000e9080000,0x00000000e9080000)
  from space 23040K, 41% used [0x00000000e9080000,0x00000000e99edf88,0x00000000ea700000)
  to   space 22016K, 0% used [0x00000000ec080000,0x00000000ec080000,0x00000000ed600000)
 ParOldGen       total 158720K, used 45743K [0x00000000a0000000, 0x00000000a9b00000, 0x00000000e0000000)
  object space 158720K, 28% used [0x00000000a0000000,0x00000000a2cabf30,0x00000000a9b00000)
 Metaspace       used 66703K, capacity 69412K, committed 69632K, reserved 1110016K
  class space    used 8766K, capacity 9407K, committed 9472K, reserved 1048576K
Event: 158.070 GC heap after
Heap after GC invocations=19 (full 3):
 PSYoungGen      total 188928K, used 21985K [0x00000000e0000000, 0x00000000eeb00000, 0x0000000100000000)
  eden space 166912K, 0% used [0x00000000e0000000,0x00000000e0000000,0x00000000ea300000)
  from space 22016K, 99% used [0x00000000ec080000,0x00000000ed5f8770,0x00000000ed600000)
  to   space 30208K, 0% used [0x00000000ea300000,0x00000000ea300000,0x00000000ec080000)
 ParOldGen       total 158720K, used 59337K [0x00000000a0000000, 0x00000000a9b00000, 0x00000000e0000000)
  object space 158720K, 37% used [0x00000000a0000000,0x00000000a39f2580,0x00000000a9b00000)
 Metaspace       used 66703K, capacity 69412K, committed 69632K, reserved 1110016K
  class space    used 8766K, capacity 9407K, committed 9472K, reserved 1048576K
}
Event: 163.328 GC heap before
{Heap before GC invocations=20 (full 3):
 PSYoungGen      total 188928K, used 188897K [0x00000000e0000000, 0x00000000eeb00000, 0x0000000100000000)
  eden space 166912K, 100% used [0x00000000e0000000,0x00000000ea300000,0x00000000ea300000)
  from space 22016K, 99% used [0x00000000ec080000,0x00000000ed5f8770,0x00000000ed600000)
  to   space 30208K, 0% used [0x00000000ea300000,0x00000000ea300000,0x00000000ec080000)
 ParOldGen       total 158720K, used 59337K [0x00000000a0000000, 0x00000000a9b00000, 0x00000000e0000000)
  object space 158720K, 37% used [0x00000000a0000000,0x00000000a39f2580,0x00000000a9b00000)
 Metaspace       used 75672K, capacity 78418K, committed 78592K, reserved 1118208K
  class space    used 9521K, capacity 10191K, committed 10240K, reserved 1048576K
Event: 163.457 GC heap after
Heap after GC invocations=20 (full 3):
 PSYoungGen      total 197120K, used 30180K [0x00000000e0000000, 0x00000000f1900000, 0x0000000100000000)
  eden space 166912K, 0% used [0x00000000e0000000,0x00000000e0000000,0x00000000ea300000)
  from space 30208K, 99% used [0x00000000ea300000,0x00000000ec079100,0x00000000ec080000)
  to   space 46592K, 0% used [0x00000000eeb80000,0x00000000eeb80000,0x00000000f1900000)
 ParOldGen       total 158720K, used 90722K [0x00000000a0000000, 0x00000000a9b00000, 0x00000000e0000000)
  object space 158720K, 57% used [0x00000000a0000000,0x00000000a5898ab8,0x00000000a9b00000)
 Metaspace       used 75672K, capacity 78418K, committed 78592K, reserved 1118208K
  class space    used 9521K, capacity 10191K, committed 10240K, reserved 1048576K
}
Event: 167.197 GC heap before
{Heap before GC invocations=21 (full 3):
 PSYoungGen      total 197120K, used 197092K [0x00000000e0000000, 0x00000000f1900000, 0x0000000100000000)
  eden space 166912K, 100% used [0x00000000e0000000,0x00000000ea300000,0x00000000ea300000)
  from space 30208K, 99% used [0x00000000ea300000,0x00000000ec079100,0x00000000ec080000)
  to   space 46592K, 0% used [0x00000000eeb80000,0x00000000eeb80000,0x00000000f1900000)
 ParOldGen       total 158720K, used 90722K [0x00000000a0000000, 0x00000000a9b00000, 0x00000000e0000000)
  object space 158720K, 57% used [0x00000000a0000000,0x00000000a5898ab8,0x00000000a9b00000)
 Metaspace       used 79054K, capacity 81826K, committed 82048K, reserved 1120256K
  class space    used 9891K, capacity 10551K, committed 10624K, reserved 1048576K
Event: 167.263 GC heap after
Heap after GC invocations=21 (full 3):
 PSYoungGen      total 238080K, used 20162K [0x00000000e0000000, 0x00000000f1580000, 0x0000000100000000)
  eden space 195072K, 0% used [0x00000000e0000000,0x00000000e0000000,0x00000000ebe80000)
  from space 43008K, 46% used [0x00000000eeb80000,0x00000000eff308f0,0x00000000f1580000)
  to   space 44544K, 0% used [0x00000000ebe80000,0x00000000ebe80000,0x00000000eea00000)
 ParOldGen       total 158720K, used 109238K [0x00000000a0000000, 0x00000000a9b00000, 0x00000000e0000000)
  object space 158720K, 68% used [0x00000000a0000000,0x00000000a6aadbe0,0x00000000a9b00000)
 Metaspace       used 79054K, capacity 81826K, committed 82048K, reserved 1120256K
  class space    used 9891K, capacity 10551K, committed 10624K, reserved 1048576K
}
Event: 169.552 GC heap before
{Heap before GC invocations=22 (full 3):
 PSYoungGen      total 238080K, used 215234K [0x00000000e0000000, 0x00000000f1580000, 0x0000000100000000)
  eden space 195072K, 100% used [0x00000000e0000000,0x00000000ebe80000,0x00000000ebe80000)
  from space 43008K, 46% used [0x00000000eeb80000,0x00000000eff308f0,0x00000000f1580000)
  to   space 44544K, 0% used [0x00000000ebe80000,0x00000000ebe80000,0x00000000eea00000)
 ParOldGen       total 158720K, used 109238K [0x00000000a0000000, 0x00000000a9b00000, 0x00000000e0000000)
  object space 158720K, 68% used [0x00000000a0000000,0x00000000a6aadbe0,0x00000000a9b00000)
 Metaspace       used 79167K, capacity 81958K, committed 82304K, reserved 1120256K
  class space    used 9891K, capacity 10551K, committed 10624K, reserved 1048576K
Event: 169.589 GC heap after
Heap after GC invocations=22 (full 3):
 PSYoungGen      total 239616K, used 19987K [0x00000000e0000000, 0x00000000f3180000, 0x0000000100000000)
  eden space 195072K, 0% used [0x00000000e0000000,0x00000000e0000000,0x00000000ebe80000)
  from space 44544K, 44% used [0x00000000ebe80000,0x00000000ed204ff8,0x00000000eea00000)
  to   space 42496K, 0% used [0x00000000f0800000,0x00000000f0800000,0x00000000f3180000)
 ParOldGen       total 158720K, used 109238K [0x00000000a0000000, 0x00000000a9b00000, 0x00000000e0000000)
  object space 158720K, 68% used [0x00000000a0000000,0x00000000a6aadbe0,0x00000000a9b00000)
 Metaspace       used 79167K, capacity 81958K, committed 82304K, reserved 1120256K
  class space    used 9891K, capacity 10551K, committed 10624K, reserved 1048576K
}
Event: 172.475 GC heap before
{Heap before GC invocations=23 (full 3):
 PSYoungGen      total 239616K, used 215059K [0x00000000e0000000, 0x00000000f3180000, 0x0000000100000000)
  eden space 195072K, 100% used [0x00000000e0000000,0x00000000ebe80000,0x00000000ebe80000)
  from space 44544K, 44% used [0x00000000ebe80000,0x00000000ed204ff8,0x00000000eea00000)
  to   space 42496K, 0% used [0x00000000f0800000,0x00000000f0800000,0x00000000f3180000)
 ParOldGen       total 158720K, used 109238K [0x00000000a0000000, 0x00000000a9b00000, 0x00000000e0000000)
  object space 158720K, 68% used [0x00000000a0000000,0x00000000a6aadbe0,0x00000000a9b00000)
 Metaspace       used 82545K, capacity 85398K, committed 85632K, reserved 1124352K
  class space    used 10180K, capacity 10819K, committed 10880K, reserved 1048576K
Event: 172.522 GC heap after
Heap after GC invocations=23 (full 3):
 PSYoungGen      total 258560K, used 42480K [0x00000000e0000000, 0x00000000f4880000, 0x0000000100000000)
  eden space 216064K, 0% used [0x00000000e0000000,0x00000000e0000000,0x00000000ed300000)
  from space 42496K, 99% used [0x00000000f0800000,0x00000000f317c158,0x00000000f3180000)
  to   space 54272K, 0% used [0x00000000ed300000,0x00000000ed300000,0x00000000f0800000)
 ParOldGen       total 158720K, used 123196K [0x00000000a0000000, 0x00000000a9b00000, 0x00000000e0000000)
  object space 158720K, 77% used [0x00000000a0000000,0x00000000a784f060,0x00000000a9b00000)
 Metaspace       used 82545K, capacity 85398K, committed 85632K, reserved 1124352K
  class space    used 10180K, capacity 10819K, committed 10880K, reserved 1048576K
}

