# JRE version: OpenJDK Runtime Environment (8.0_112-b06) (build 1.8.0_112-release-b06)
# Java VM: OpenJDK 64-Bit Server VM (25.112-b06 mixed mode windows-amd64 compressed oops)
Heap:
 PSYoungGen      total 253440K, used 121438K [0x00000000e0000000, 0x00000000f1500000, 0x0000000100000000)
  eden space 228352K, 43% used [0x00000000e0000000,0x00000000e60022d0,0x00000000edf00000)
  from space 25088K, 92% used [0x00000000efb80000,0x00000000f1215708,0x00000000f1400000)
  to   space 27648K, 0% used [0x00000000edf00000,0x00000000edf00000,0x00000000efa00000)
 ParOldGen       total 162304K, used 46792K [0x00000000a0000000, 0x00000000a9e80000, 0x00000000e0000000)
  object space 162304K, 28% used [0x00000000a0000000,0x00000000a2db2310,0x00000000a9e80000)
 Metaspace       used 66526K, capacity 68204K, committed 68480K, reserved 1110016K
  class space    used 8306K, capacity 8722K, committed 8832K, reserved 1048576K
GC Heap History (10 events):
Event: 17.684 GC heap before
{Heap before GC invocations=13 (full 2):
 PSYoungGen      total 167936K, used 55191K [0x00000000e0000000, 0x00000000ec500000, 0x0000000100000000)
  eden space 152064K, 25% used [0x00000000e0000000,0x00000000e2668fc0,0x00000000e9480000)
  from space 15872K, 99% used [0x00000000ea980000,0x00000000eb8fcc80,0x00000000eb900000)
  to   space 21504K, 0% used [0x00000000e9480000,0x00000000e9480000,0x00000000ea980000)
 ParOldGen       total 102912K, used 31484K [0x00000000a0000000, 0x00000000a6480000, 0x00000000e0000000)
  object space 102912K, 30% used [0x00000000a0000000,0x00000000a1ebf0b8,0x00000000a6480000)
 Metaspace       used 57424K, capacity 58938K, committed 59136K, reserved 1099776K
  class space    used 7463K, capacity 7831K, committed 7936K, reserved 1048576K
Event: 17.714 GC heap after
Heap after GC invocations=13 (full 2):
 PSYoungGen      total 173568K, used 21486K [0x00000000e0000000, 0x00000000ef100000, 0x0000000100000000)
  eden space 152064K, 0% used [0x00000000e0000000,0x00000000e0000000,0x00000000e9480000)
  from space 21504K, 99% used [0x00000000e9480000,0x00000000ea97bbd0,0x00000000ea980000)
  to   space 25600K, 0% used [0x00000000ed800000,0x00000000ed800000,0x00000000ef100000)
 ParOldGen       total 102912K, used 34744K [0x00000000a0000000, 0x00000000a6480000, 0x00000000e0000000)
  object space 102912K, 33% used [0x00000000a0000000,0x00000000a21ee010,0x00000000a6480000)
 Metaspace       used 57424K, capacity 58938K, committed 59136K, reserved 1099776K
  class space    used 7463K, capacity 7831K, committed 7936K, reserved 1048576K
}
Event: 17.714 GC heap before
{Heap before GC invocations=14 (full 3):
 PSYoungGen      total 173568K, used 21486K [0x00000000e0000000, 0x00000000ef100000, 0x0000000100000000)
  eden space 152064K, 0% used [0x00000000e0000000,0x00000000e0000000,0x00000000e9480000)
  from space 21504K, 99% used [0x00000000e9480000,0x00000000ea97bbd0,0x00000000ea980000)
  to   space 25600K, 0% used [0x00000000ed800000,0x00000000ed800000,0x00000000ef100000)
 ParOldGen       total 102912K, used 34744K [0x00000000a0000000, 0x00000000a6480000, 0x00000000e0000000)
  object space 102912K, 33% used [0x00000000a0000000,0x00000000a21ee010,0x00000000a6480000)
 Metaspace       used 57424K, capacity 58938K, committed 59136K, reserved 1099776K
  class space    used 7463K, capacity 7831K, committed 7936K, reserved 1048576K
Event: 18.028 GC heap after
Heap after GC invocations=14 (full 3):
 PSYoungGen      total 173568K, used 0K [0x00000000e0000000, 0x00000000ef100000, 0x0000000100000000)
  eden space 152064K, 0% used [0x00000000e0000000,0x00000000e0000000,0x00000000e9480000)
  from space 21504K, 0% used [0x00000000e9480000,0x00000000e9480000,0x00000000ea980000)
  to   space 25600K, 0% used [0x00000000ed800000,0x00000000ed800000,0x00000000ef100000)
 ParOldGen       total 162304K, used 46493K [0x00000000a0000000, 0x00000000a9e80000, 0x00000000e0000000)
  object space 162304K, 28% used [0x00000000a0000000,0x00000000a2d676a8,0x00000000a9e80000)
 Metaspace       used 57424K, capacity 58938K, committed 59136K, reserved 1099776K
  class space    used 7463K, capacity 7831K, committed 7936K, reserved 1048576K
}
Event: 21.239 GC heap before
{Heap before GC invocations=15 (full 3):
 PSYoungGen      total 173568K, used 152064K [0x00000000e0000000, 0x00000000ef100000, 0x0000000100000000)
  eden space 152064K, 100% used [0x00000000e0000000,0x00000000e9480000,0x00000000e9480000)
  from space 21504K, 0% used [0x00000000e9480000,0x00000000e9480000,0x00000000ea980000)
  to   space 25600K, 0% used [0x00000000ed800000,0x00000000ed800000,0x00000000ef100000)
 ParOldGen       total 162304K, used 46493K [0x00000000a0000000, 0x00000000a9e80000, 0x00000000e0000000)
  object space 162304K, 28% used [0x00000000a0000000,0x00000000a2d676a8,0x00000000a9e80000)
 Metaspace       used 62381K, capacity 64006K, committed 64128K, reserved 1105920K
  class space    used 7943K, capacity 8319K, committed 8320K, reserved 1048576K
Event: 21.276 GC heap after
Heap after GC invocations=15 (full 3):
 PSYoungGen      total 209920K, used 17670K [0x00000000e0000000, 0x00000000eec80000, 0x0000000100000000)
  eden space 188928K, 0% used [0x00000000e0000000,0x00000000e0000000,0x00000000eb880000)
  from space 20992K, 84% used [0x00000000ed800000,0x00000000ee941828,0x00000000eec80000)
  to   space 26624K, 0% used [0x00000000eb880000,0x00000000eb880000,0x00000000ed280000)
 ParOldGen       total 162304K, used 46501K [0x00000000a0000000, 0x00000000a9e80000, 0x00000000e0000000)
  object space 162304K, 28% used [0x00000000a0000000,0x00000000a2d696a8,0x00000000a9e80000)
 Metaspace       used 62381K, capacity 64006K, committed 64128K, reserved 1105920K
  class space    used 7943K, capacity 8319K, committed 8320K, reserved 1048576K
}
Event: 22.762 GC heap before
{Heap before GC invocations=16 (full 3):
 PSYoungGen      total 209920K, used 206598K [0x00000000e0000000, 0x00000000eec80000, 0x0000000100000000)
  eden space 188928K, 100% used [0x00000000e0000000,0x00000000eb880000,0x00000000eb880000)
  from space 20992K, 84% used [0x00000000ed800000,0x00000000ee941828,0x00000000eec80000)
  to   space 26624K, 0% used [0x00000000eb880000,0x00000000eb880000,0x00000000ed280000)
 ParOldGen       total 162304K, used 46501K [0x00000000a0000000, 0x00000000a9e80000, 0x00000000e0000000)
  object space 162304K, 28% used [0x00000000a0000000,0x00000000a2d696a8,0x00000000a9e80000)
 Metaspace       used 62508K, capacity 64074K, committed 64384K, reserved 1105920K
  class space    used 7943K, capacity 8319K, committed 8320K, reserved 1048576K
Event: 22.784 GC heap after
Heap after GC invocations=16 (full 3):
 PSYoungGen      total 215552K, used 12150K [0x00000000e0000000, 0x00000000f1400000, 0x0000000100000000)
  eden space 188928K, 0% used [0x00000000e0000000,0x00000000e0000000,0x00000000eb880000)
  from space 26624K, 45% used [0x00000000eb880000,0x00000000ec45d8c8,0x00000000ed280000)
  to   space 25088K, 0% used [0x00000000efb80000,0x00000000efb80000,0x00000000f1400000)
 ParOldGen       total 162304K, used 46520K [0x00000000a0000000, 0x00000000a9e80000, 0x00000000e0000000)
  object space 162304K, 28% used [0x00000000a0000000,0x00000000a2d6e2f8,0x00000000a9e80000)
 Metaspace       used 62508K, capacity 64074K, committed 64384K, reserved 1105920K
  class space    used 7943K, capacity 8319K, committed 8320K, reserved 1048576K
}
Event: 26.420 GC heap before
{Heap before GC invocations=17 (full 3):
 PSYoungGen      total 215552K, used 200311K [0x00000000e0000000, 0x00000000f1400000, 0x0000000100000000)
  eden space 188928K, 99% used [0x00000000e0000000,0x00000000eb7c06a8,0x00000000eb880000)
  from space 26624K, 45% used [0x00000000eb880000,0x00000000ec45d8c8,0x00000000ed280000)
  to   space 25088K, 0% used [0x00000000efb80000,0x00000000efb80000,0x00000000f1400000)
 ParOldGen       total 162304K, used 46520K [0x00000000a0000000, 0x00000000a9e80000, 0x00000000e0000000)
  object space 162304K, 28% used [0x00000000a0000000,0x00000000a2d6e2f8,0x00000000a9e80000)
 Metaspace       used 66003K, capacity 67724K, committed 67840K, reserved 1107968K
  class space    used 8255K, capacity 8690K, committed 8704K, reserved 1048576K
Event: 26.445 GC heap after
Heap after GC invocations=17 (full 3):
 PSYoungGen      total 253440K, used 23125K [0x00000000e0000000, 0x00000000f1500000, 0x0000000100000000)
  eden space 228352K, 0% used [0x00000000e0000000,0x00000000e0000000,0x00000000edf00000)
  from space 25088K, 92% used [0x00000000efb80000,0x00000000f1215708,0x00000000f1400000)
  to   space 27648K, 0% used [0x00000000edf00000,0x00000000edf00000,0x00000000efa00000)
 ParOldGen       total 162304K, used 46792K [0x00000000a0000000, 0x00000000a9e80000, 0x00000000e0000000)
  object space 162304K, 28% used [0x00000000a0000000,0x00000000a2db2310,0x00000000a9e80000)
 Metaspace       used 66003K, capacity 67724K, committed 67840K, reserved 1107968K
  class space    used 8255K, capacity 8690K, committed 8704K, reserved 1048576K
}

